{"/Users/aaronosu/ustsv-training/training-nodejs/homework-nodejs/reactjs/src/index.js": {"path":"/Users/aaronosu/ustsv-training/training-nodejs/homework-nodejs/reactjs/src/index.js","statementMap":{"0":{"start":{"line":5,"column":18},"end":{"line":5,"column":49}},"1":{"start":{"line":6,"column":13},"end":{"line":6,"column":34}},"2":{"start":{"line":8,"column":0},"end":{"line":12,"column":2}}},"fnMap":{},"branchMap":{},"s":{"0":0,"1":0,"2":0},"f":{},"b":{}}
,"/Users/aaronosu/ustsv-training/training-nodejs/homework-nodejs/reactjs/src/U6/hw1/List.js": {"path":"/Users/aaronosu/ustsv-training/training-nodejs/homework-nodejs/reactjs/src/U6/hw1/List.js","statementMap":{"0":{"start":{"line":3,"column":17},"end":{"line":12,"column":1}},"1":{"start":{"line":4,"column":4},"end":{"line":11,"column":6}},"2":{"start":{"line":15,"column":24},"end":{"line":17,"column":5}},"3":{"start":{"line":15,"column":30},"end":{"line":17,"column":5}},"4":{"start":{"line":16,"column":8},"end":{"line":16,"column":28}},"5":{"start":{"line":19,"column":23},"end":{"line":19,"column":78}},"6":{"start":{"line":19,"column":63},"end":{"line":19,"column":77}},"7":{"start":{"line":21,"column":4},"end":{"line":43,"column":6}},"8":{"start":{"line":35,"column":20},"end":{"line":39,"column":22}}},"fnMap":{"0":{"name":"(anonymous_0)","decl":{"start":{"line":3,"column":17},"end":{"line":3,"column":18}},"loc":{"start":{"line":3,"column":53},"end":{"line":12,"column":1}},"line":3},"1":{"name":"List","decl":{"start":{"line":14,"column":24},"end":{"line":14,"column":28}},"loc":{"start":{"line":14,"column":76},"end":{"line":44,"column":1}},"line":14},"2":{"name":"(anonymous_2)","decl":{"start":{"line":15,"column":24},"end":{"line":15,"column":25}},"loc":{"start":{"line":15,"column":30},"end":{"line":17,"column":5}},"line":15},"3":{"name":"(anonymous_3)","decl":{"start":{"line":15,"column":30},"end":{"line":15,"column":31}},"loc":{"start":{"line":15,"column":36},"end":{"line":17,"column":5}},"line":15},"4":{"name":"(anonymous_4)","decl":{"start":{"line":19,"column":55},"end":{"line":19,"column":56}},"loc":{"start":{"line":19,"column":63},"end":{"line":19,"column":77}},"line":19},"5":{"name":"(anonymous_5)","decl":{"start":{"line":34,"column":27},"end":{"line":34,"column":28}},"loc":{"start":{"line":34,"column":56},"end":{"line":40,"column":17}},"line":34}},"branchMap":{"0":{"loc":{"start":{"line":19,"column":23},"end":{"line":19,"column":78}},"type":"binary-expr","locations":[{"start":{"line":19,"column":23},"end":{"line":19,"column":39}},{"start":{"line":19,"column":43},"end":{"line":19,"column":78}}],"line":19}},"s":{"0":1,"1":12,"2":16,"3":12,"4":1,"5":16,"6":10,"7":16,"8":12},"f":{"0":12,"1":16,"2":12,"3":1,"4":10,"5":12},"b":{"0":[16,9]},"_coverageSchema":"1a1c01bbd47fc00a2c39e90264f33305004495a9","hash":"96e6eaf73cfd2e9a17ffec9dd05891f4505fcf59"}
,"/Users/aaronosu/ustsv-training/training-nodejs/homework-nodejs/reactjs/src/U6/hw1/index.js": {"path":"/Users/aaronosu/ustsv-training/training-nodejs/homework-nodejs/reactjs/src/U6/hw1/index.js","statementMap":{"0":{"start":{"line":7,"column":17},"end":{"line":73,"column":1}},"1":{"start":{"line":8,"column":30},"end":{"line":8,"column":42}},"2":{"start":{"line":11,"column":18},"end":{"line":11,"column":45}},"3":{"start":{"line":11,"column":39},"end":{"line":11,"column":44}},"4":{"start":{"line":13,"column":21},"end":{"line":13,"column":34}},"5":{"start":{"line":15,"column":30},"end":{"line":17,"column":5}},"6":{"start":{"line":16,"column":8},"end":{"line":16,"column":33}},"7":{"start":{"line":19,"column":26},"end":{"line":30,"column":5}},"8":{"start":{"line":20,"column":8},"end":{"line":29,"column":9}},"9":{"start":{"line":21,"column":28},"end":{"line":24,"column":13}},"10":{"start":{"line":27,"column":12},"end":{"line":27,"column":39}},"11":{"start":{"line":28,"column":12},"end":{"line":28,"column":25}},"12":{"start":{"line":32,"column":28},"end":{"line":34,"column":5}},"13":{"start":{"line":33,"column":8},"end":{"line":33,"column":33}},"14":{"start":{"line":36,"column":36},"end":{"line":38,"column":5}},"15":{"start":{"line":37,"column":8},"end":{"line":37,"column":37}},"16":{"start":{"line":40,"column":30},"end":{"line":42,"column":5}},"17":{"start":{"line":41,"column":8},"end":{"line":41,"column":36}},"18":{"start":{"line":44,"column":17},"end":{"line":44,"column":61}},"19":{"start":{"line":44,"column":38},"end":{"line":44,"column":53}},"20":{"start":{"line":46,"column":4},"end":{"line":72,"column":6}}},"fnMap":{"0":{"name":"(anonymous_0)","decl":{"start":{"line":7,"column":17},"end":{"line":7,"column":18}},"loc":{"start":{"line":7,"column":23},"end":{"line":73,"column":1}},"line":7},"1":{"name":"(anonymous_1)","decl":{"start":{"line":11,"column":30},"end":{"line":11,"column":31}},"loc":{"start":{"line":11,"column":39},"end":{"line":11,"column":44}},"line":11},"2":{"name":"(anonymous_2)","decl":{"start":{"line":15,"column":30},"end":{"line":15,"column":31}},"loc":{"start":{"line":15,"column":35},"end":{"line":17,"column":5}},"line":15},"3":{"name":"(anonymous_3)","decl":{"start":{"line":19,"column":26},"end":{"line":19,"column":27}},"loc":{"start":{"line":19,"column":31},"end":{"line":30,"column":5}},"line":19},"4":{"name":"(anonymous_4)","decl":{"start":{"line":32,"column":28},"end":{"line":32,"column":29}},"loc":{"start":{"line":32,"column":34},"end":{"line":34,"column":5}},"line":32},"5":{"name":"(anonymous_5)","decl":{"start":{"line":36,"column":36},"end":{"line":36,"column":37}},"loc":{"start":{"line":36,"column":42},"end":{"line":38,"column":5}},"line":36},"6":{"name":"(anonymous_6)","decl":{"start":{"line":40,"column":30},"end":{"line":40,"column":31}},"loc":{"start":{"line":40,"column":36},"end":{"line":42,"column":5}},"line":40},"7":{"name":"(anonymous_7)","decl":{"start":{"line":44,"column":30},"end":{"line":44,"column":31}},"loc":{"start":{"line":44,"column":38},"end":{"line":44,"column":53}},"line":44}},"branchMap":{"0":{"loc":{"start":{"line":20,"column":8},"end":{"line":29,"column":9}},"type":"if","locations":[{"start":{"line":20,"column":8},"end":{"line":29,"column":9}},{"start":{},"end":{}}],"line":20}},"s":{"0":1,"1":16,"2":16,"3":23,"4":16,"5":16,"6":5,"7":16,"8":5,"9":4,"10":4,"11":4,"12":16,"13":1,"14":16,"15":1,"16":16,"17":1,"18":16,"19":12,"20":16},"f":{"0":16,"1":23,"2":5,"3":5,"4":1,"5":1,"6":1,"7":12},"b":{"0":[4,1]},"_coverageSchema":"1a1c01bbd47fc00a2c39e90264f33305004495a9","hash":"49ad3b1d4c927b498baa3ece894d0cf9c45a7eab"}
,"/Users/aaronosu/ustsv-training/training-nodejs/homework-nodejs/reactjs/src/U6/hw1/test-utils.jsx": {"path":"/Users/aaronosu/ustsv-training/training-nodejs/homework-nodejs/reactjs/src/U6/hw1/test-utils.jsx","statementMap":{"0":{"start":{"line":8,"column":18},"end":{"line":8,"column":52}},"1":{"start":{"line":10,"column":8},"end":{"line":10,"column":61}},"2":{"start":{"line":12,"column":4},"end":{"line":12,"column":65}}},"fnMap":{"0":{"name":"render","decl":{"start":{"line":7,"column":9},"end":{"line":7,"column":15}},"loc":{"start":{"line":7,"column":61},"end":{"line":13,"column":1}},"line":7},"1":{"name":"Wrapper","decl":{"start":{"line":9,"column":13},"end":{"line":9,"column":20}},"loc":{"start":{"line":9,"column":35},"end":{"line":11,"column":5}},"line":9}},"branchMap":{"0":{"loc":{"start":{"line":7,"column":20},"end":{"line":7,"column":59}},"type":"default-arg","locations":[{"start":{"line":7,"column":57},"end":{"line":7,"column":59}}],"line":7}},"s":{"0":4,"1":4,"2":4},"f":{"0":4,"1":4},"b":{"0":[0]},"_coverageSchema":"1a1c01bbd47fc00a2c39e90264f33305004495a9","hash":"a7b4069a9dd55aa8ce7195bf46a1782f531f35c3"}
,"/Users/aaronosu/ustsv-training/training-nodejs/homework-nodejs/reactjs/src/U6/hw1/redux/reducers/todos.js": {"path":"/Users/aaronosu/ustsv-training/training-nodejs/homework-nodejs/reactjs/src/U6/hw1/redux/reducers/todos.js","statementMap":{"0":{"start":{"line":1,"column":28},"end":{"line":1,"column":30}},"1":{"start":{"line":3,"column":27},"end":{"line":7,"column":1}},"2":{"start":{"line":9,"column":9},"end":{"line":9,"column":10}},"3":{"start":{"line":12,"column":4},"end":{"line":29,"column":5}},"4":{"start":{"line":14,"column":12},"end":{"line":14,"column":60}},"5":{"start":{"line":17,"column":26},"end":{"line":17,"column":36}},"6":{"start":{"line":18,"column":23},"end":{"line":18,"column":62}},"7":{"start":{"line":18,"column":41},"end":{"line":18,"column":61}},"8":{"start":{"line":19,"column":12},"end":{"line":19,"column":45}},"9":{"start":{"line":20,"column":12},"end":{"line":20,"column":25}},"10":{"start":{"line":23,"column":12},"end":{"line":26,"column":15}},"11":{"start":{"line":24,"column":16},"end":{"line":24,"column":47}},"12":{"start":{"line":25,"column":16},"end":{"line":25,"column":28}},"13":{"start":{"line":28,"column":12},"end":{"line":28,"column":25}}},"fnMap":{"0":{"name":"todos","decl":{"start":{"line":11,"column":24},"end":{"line":11,"column":29}},"loc":{"start":{"line":11,"column":60},"end":{"line":30,"column":1}},"line":11},"1":{"name":"(anonymous_1)","decl":{"start":{"line":18,"column":34},"end":{"line":18,"column":35}},"loc":{"start":{"line":18,"column":41},"end":{"line":18,"column":61}},"line":18},"2":{"name":"(anonymous_2)","decl":{"start":{"line":23,"column":29},"end":{"line":23,"column":30}},"loc":{"start":{"line":23,"column":37},"end":{"line":26,"column":13}},"line":23}},"branchMap":{"0":{"loc":{"start":{"line":11,"column":30},"end":{"line":11,"column":50}},"type":"default-arg","locations":[{"start":{"line":11,"column":38},"end":{"line":11,"column":50}}],"line":11},"1":{"loc":{"start":{"line":12,"column":4},"end":{"line":29,"column":5}},"type":"switch","locations":[{"start":{"line":13,"column":8},"end":{"line":14,"column":60}},{"start":{"line":16,"column":8},"end":{"line":20,"column":25}},{"start":{"line":22,"column":8},"end":{"line":26,"column":15}},{"start":{"line":27,"column":8},"end":{"line":28,"column":25}}],"line":12}},"s":{"0":2,"1":2,"2":2,"3":12,"4":5,"5":1,"6":1,"7":1,"8":1,"9":1,"10":2,"11":4,"12":4,"13":4},"f":{"0":12,"1":1,"2":4},"b":{"0":[1],"1":[5,1,2,4]},"_coverageSchema":"1a1c01bbd47fc00a2c39e90264f33305004495a9","hash":"49097daebfa0e62e72691b6a719e9121a8c10719"}
}
