TN:
SF:src/index.js
FNF:0
FNH:0
DA:5,0
DA:6,0
DA:8,0
LF:3
LH:0
BRF:0
BRH:0
end_of_record
TN:
SF:src/U6/hw1/List.js
FN:3,(anonymous_0)
FN:14,List
FN:15,(anonymous_2)
FN:15,(anonymous_3)
FN:19,(anonymous_4)
FN:34,(anonymous_5)
FNF:6
FNH:6
FNDA:12,(anonymous_0)
FNDA:16,List
FNDA:12,(anonymous_2)
FNDA:1,(anonymous_3)
FNDA:10,(anonymous_4)
FNDA:12,(anonymous_5)
DA:3,1
DA:4,12
DA:15,16
DA:16,1
DA:19,16
DA:21,16
DA:35,12
LF:7
LH:7
BRDA:19,0,0,16
BRDA:19,0,1,9
BRF:2
BRH:2
end_of_record
TN:
SF:src/U6/hw1/index.js
FN:7,(anonymous_0)
FN:11,(anonymous_1)
FN:15,(anonymous_2)
FN:19,(anonymous_3)
FN:32,(anonymous_4)
FN:36,(anonymous_5)
FN:40,(anonymous_6)
FN:44,(anonymous_7)
FNF:8
FNH:8
FNDA:16,(anonymous_0)
FNDA:23,(anonymous_1)
FNDA:5,(anonymous_2)
FNDA:5,(anonymous_3)
FNDA:1,(anonymous_4)
FNDA:1,(anonymous_5)
FNDA:1,(anonymous_6)
FNDA:12,(anonymous_7)
DA:7,1
DA:8,16
DA:11,23
DA:13,16
DA:15,16
DA:16,5
DA:19,16
DA:20,5
DA:21,4
DA:27,4
DA:28,4
DA:32,16
DA:33,1
DA:36,16
DA:37,1
DA:40,16
DA:41,1
DA:44,16
DA:46,16
LF:19
LH:19
BRDA:20,0,0,4
BRDA:20,0,1,1
BRF:2
BRH:2
end_of_record
TN:
SF:src/U6/hw1/test-utils.jsx
FN:7,render
FN:9,Wrapper
FNF:2
FNH:2
FNDA:4,render
FNDA:4,Wrapper
DA:8,4
DA:10,4
DA:12,4
LF:3
LH:3
BRDA:7,0,0,0
BRF:1
BRH:0
end_of_record
TN:
SF:src/U6/hw1/redux/reducers/todos.js
FN:11,todos
FN:18,(anonymous_1)
FN:23,(anonymous_2)
FNF:3
FNH:3
FNDA:12,todos
FNDA:1,(anonymous_1)
FNDA:4,(anonymous_2)
DA:1,2
DA:3,2
DA:9,2
DA:12,12
DA:14,5
DA:17,1
DA:18,1
DA:19,1
DA:20,1
DA:23,2
DA:24,4
DA:25,4
DA:28,4
LF:13
LH:13
BRDA:11,0,0,1
BRDA:12,1,0,5
BRDA:12,1,1,1
BRDA:12,1,2,2
BRDA:12,1,3,4
BRF:5
BRH:5
end_of_record
